[ 2018-07-06T18:23:14+08:00 ] ::1 /weiphp/index.php?s=/w16/Admin/Update/delcache.html&mdm=367|375
NOTIC: [8] Undefined variable: meta_title D:\phpStudy\WWW\weiphp\Runtime\Cache\Admin\6d366c5185aac5695e05863db3f35a6c.php 第 5 行.
NOTIC: [2] file_put_contents(./Runtime/Temp/weiphp_931b5b3cad55d64c859ac8fe37543b59.php): failed to open stream: No such file or directory D:\phpStudy\WWW\weiphp\ThinkPHP\Library\Think\Cache\Driver\File.class.php 第 137 行.
NOTIC: [2] file_put_contents(./Runtime/Temp/weiphp_d7ab177baddc99a8ccc93b697aaf9516.php): failed to open stream: No such file or directory D:\phpStudy\WWW\weiphp\ThinkPHP\Library\Think\Cache\Driver\File.class.php 第 137 行.
NOTIC: [2] file_put_contents(./Runtime/Temp/weiphp_931b5b3cad55d64c859ac8fe37543b59.php): failed to open stream: No such file or directory D:\phpStudy\WWW\weiphp\ThinkPHP\Library\Think\Cache\Driver\File.class.php 第 137 行.
NOTIC: [2] file_put_contents(./Runtime/Temp/weiphp_d7ab177baddc99a8ccc93b697aaf9516.php): failed to open stream: No such file or directory D:\phpStudy\WWW\weiphp\ThinkPHP\Library\Think\Cache\Driver\File.class.php 第 137 行.

[ 2018-07-06T18:49:25+08:00 ] ::1 /weiphp/index.php?s=/w16/Admin/ArticleStyle/lists.html&mdm=367|373
NOTIC: [8] Undefined variable: meta_title D:\phpStudy\WWW\weiphp\Runtime\Cache\Admin\5a70b45a840047c4c17a014dde351ff3.php 第 5 行.
NOTIC: [8] Undefined index: uid D:\phpStudy\WWW\weiphp\Runtime\Cache\Admin\5a70b45a840047c4c17a014dde351ff3.php 第 124 行.
NOTIC: [8] Undefined index: uid D:\phpStudy\WWW\weiphp\Runtime\Cache\Admin\5a70b45a840047c4c17a014dde351ff3.php 第 124 行.
NOTIC: [8] Undefined index: uid D:\phpStudy\WWW\weiphp\Runtime\Cache\Admin\5a70b45a840047c4c17a014dde351ff3.php 第 124 行.
NOTIC: [8] Undefined index: uid D:\phpStudy\WWW\weiphp\Runtime\Cache\Admin\5a70b45a840047c4c17a014dde351ff3.php 第 124 行.
NOTIC: [8] Undefined index: uid D:\phpStudy\WWW\weiphp\Runtime\Cache\Admin\5a70b45a840047c4c17a014dde351ff3.php 第 124 行.
NOTIC: [8] Undefined index: uid D:\phpStudy\WWW\weiphp\Runtime\Cache\Admin\5a70b45a840047c4c17a014dde351ff3.php 第 124 行.
NOTIC: [8] Undefined index: uid D:\phpStudy\WWW\weiphp\Runtime\Cache\Admin\5a70b45a840047c4c17a014dde351ff3.php 第 124 行.
NOTIC: [8] Undefined index: uid D:\phpStudy\WWW\weiphp\Runtime\Cache\Admin\5a70b45a840047c4c17a014dde351ff3.php 第 124 行.
NOTIC: [8] Undefined index: _page D:\phpStudy\WWW\weiphp\Runtime\Cache\Admin\5a70b45a840047c4c17a014dde351ff3.php 第 138 行.

[ 2018-07-06T18:49:34+08:00 ] ::1 /weiphp/index.php?s=/w16/Admin/Scan/index.html&mdm=367|385
NOTIC: [8] Undefined variable: meta_title D:\phpStudy\WWW\weiphp\Runtime\Cache\Admin\02a27061648fbae70eb7023d020c3d0a.php 第 5 行.

[ 2018-07-06T18:49:37+08:00 ] ::1 /weiphp/index.php?s=/w16/Admin/PublicBind/index.html&mdm=367|386
NOTIC: [8] Undefined variable: meta_title D:\phpStudy\WWW\weiphp\Runtime\Cache\Admin\06902b7e9c5c4a817e434bcffc8adcdf.php 第 5 行.

