[ 2018-07-06T18:23:14+08:00 ] ::1 /weiphp/index.php?s=/w16/Admin/Update/delcache.html&mdm=367|375
SQL: SELECT * FROM `wp_card_custom` WHERE `token` = ''  [ RunTime:0.0025s ]
SQL: SELECT * FROM `wp_menu` WHERE `place` = 1 AND `is_hide` = 0 ORDER BY sort asc, id asc  [ RunTime:0.0029s ]
SQL: SELECT * FROM `wp_user` WHERE `uid` = 1 LIMIT 1   [ RunTime:0.0026s ]
SQL: SHOW COLUMNS FROM `wp_manager` [ RunTime:0.1332s ]
SQL: SELECT `uid`,`has_public`,`headface_url`,`GammaAppId`,`GammaSecret`,`copy_right`,`tongji_code`,`website_logo` FROM `wp_manager` WHERE ( uid='1' ) LIMIT 1   [ RunTime:0.0022s ]
SQL: SHOW COLUMNS FROM `wp_auth_group_access` [ RunTime:0.0099s ]
SQL: SELECT a.group_id,g.title,g.type,g.icon FROM wp_auth_group_access a INNER JOIN wp_auth_group g on a.group_id=g.id  WHERE ( a.uid='1' and g.status='1' )  [ RunTime:0.0018s ]
SQL: SHOW COLUMNS FROM `wp_apps_follow` [ RunTime:0.0103s ]
SQL: SELECT `openid`,`token`,`uid`,`has_subscribe`,`syc_status`,`remark` FROM `wp_apps_follow` WHERE ( uid='1' )  [ RunTime:0.0021s ]
SQL: SHOW COLUMNS FROM `wp_user_tag_link` [ RunTime:0.0098s ]
SQL: SELECT `tag_id` FROM `wp_user_tag_link` WHERE `uid` = 1  [ RunTime:0.0017s ]
SQL: SELECT * FROM `wp_apps` WHERE `id` = 16 LIMIT 1   [ RunTime:0.0029s ]
SQL: SELECT * FROM `wp_user` WHERE `uid` = 1 LIMIT 1   [ RunTime:0.0027s ]
SQL: SELECT `uid`,`has_public`,`headface_url`,`GammaAppId`,`GammaSecret`,`copy_right`,`tongji_code`,`website_logo` FROM `wp_manager` WHERE ( uid='1' ) LIMIT 1   [ RunTime:0.0028s ]
SQL: SHOW COLUMNS FROM `wp_auth_group_access` [ RunTime:0.0387s ]
SQL: SELECT a.group_id,g.title,g.type,g.icon FROM wp_auth_group_access a INNER JOIN wp_auth_group g on a.group_id=g.id  WHERE ( a.uid='1' and g.status='1' )  [ RunTime:0.0016s ]
SQL: SELECT `openid`,`token`,`uid`,`has_subscribe`,`syc_status`,`remark` FROM `wp_apps_follow` WHERE ( uid='1' )  [ RunTime:0.0022s ]
SQL: SELECT `tag_id` FROM `wp_user_tag_link` WHERE `uid` = 1  [ RunTime:0.0018s ]
SQL: SELECT * FROM `wp_apps` WHERE `id` = 16 LIMIT 1   [ RunTime:0.0024s ]

[ 2018-07-06T18:49:15+08:00 ] ::1 /weiphp/index.php?s=/w16/Admin/Index/Index.html
SQL: SELECT * FROM `wp_card_custom` WHERE `token` = ''  [ RunTime:0.0022s ]
SQL: SELECT * FROM `wp_menu` WHERE `place` = 1 AND `is_hide` = 0 ORDER BY sort asc, id asc  [ RunTime:0.0027s ]

[ 2018-07-06T18:49:15+08:00 ] ::1 /weiphp/index.php?s=/w16/Admin/Config/group.html
SQL: SELECT * FROM `wp_card_custom` WHERE `token` = ''  [ RunTime:0.0033s ]
SQL: SELECT * FROM `wp_menu` WHERE `place` = 1 AND `is_hide` = 0 ORDER BY sort asc, id asc  [ RunTime:0.0036s ]
SQL: SELECT `id`,`name`,`title`,`extra`,`value`,`remark`,`type` FROM `wp_config` WHERE `status` = 1 AND `group` = 1 ORDER BY sort  [ RunTime:0.0033s ]

[ 2018-07-06T18:49:20+08:00 ] ::1 /weiphp/index.php?s=/w16/Admin/Config/group/id/3.html
SQL: SELECT * FROM `wp_card_custom` WHERE `token` = ''  [ RunTime:0.0018s ]
SQL: SELECT * FROM `wp_menu` WHERE `place` = 1 AND `is_hide` = 0 ORDER BY sort asc, id asc  [ RunTime:0.0019s ]
SQL: SELECT `id`,`name`,`title`,`extra`,`value`,`remark`,`type` FROM `wp_config` WHERE `status` = 1 AND `group` = 3 ORDER BY sort  [ RunTime:0.0019s ]

[ 2018-07-06T18:49:21+08:00 ] ::1 /weiphp/index.php?s=/w16/Admin/Config/group/id/1.html
SQL: SELECT * FROM `wp_card_custom` WHERE `token` = ''  [ RunTime:0.0016s ]
SQL: SELECT * FROM `wp_menu` WHERE `place` = 1 AND `is_hide` = 0 ORDER BY sort asc, id asc  [ RunTime:0.0013s ]
SQL: SELECT `id`,`name`,`title`,`extra`,`value`,`remark`,`type` FROM `wp_config` WHERE `status` = 1 AND `group` = 1 ORDER BY sort  [ RunTime:0.0012s ]

[ 2018-07-06T18:49:25+08:00 ] ::1 /weiphp/index.php?s=/w16/Admin/ArticleStyle/lists.html&mdm=367|373
SQL: SELECT * FROM `wp_card_custom` WHERE `token` = ''  [ RunTime:0.0019s ]
SQL: SELECT * FROM `wp_menu` WHERE `place` = 1 AND `is_hide` = 0 ORDER BY sort asc, id asc  [ RunTime:0.0019s ]
SQL: SHOW COLUMNS FROM `wp_article_style` [ RunTime:0.0106s ]
SQL: SELECT count(1) as count FROM `wp_article_style` LIMIT 1   [ RunTime:0.0010s ]
SQL: SELECT * FROM `wp_article_style` LIMIT 0,15   [ RunTime:0.0035s ]
SQL: SHOW COLUMNS FROM `wp_article_style_group` [ RunTime:0.0114s ]
SQL: SELECT * FROM `wp_article_style_group` WHERE `id` = 1 LIMIT 1   [ RunTime:0.0011s ]
SQL: SELECT * FROM `wp_article_style_group` WHERE `id` = 3 LIMIT 1   [ RunTime:0.0010s ]
SQL: SELECT * FROM `wp_article_style_group` WHERE `id` = 1 LIMIT 1   [ RunTime:0.0011s ]
SQL: SELECT * FROM `wp_article_style_group` WHERE `id` = 4 LIMIT 1   [ RunTime:0.0012s ]
SQL: SELECT * FROM `wp_article_style_group` WHERE `id` = 5 LIMIT 1   [ RunTime:0.0011s ]
SQL: SELECT * FROM `wp_article_style_group` WHERE `id` = 6 LIMIT 1   [ RunTime:0.0010s ]
SQL: SELECT * FROM `wp_article_style_group` WHERE `id` = 8 LIMIT 1   [ RunTime:0.0010s ]
SQL: SELECT * FROM `wp_article_style_group` WHERE `id` = 7 LIMIT 1   [ RunTime:0.0010s ]

[ 2018-07-06T18:49:34+08:00 ] ::1 /weiphp/index.php?s=/w16/Admin/Scan/index.html&mdm=367|385
SQL: SELECT * FROM `wp_card_custom` WHERE `token` = ''  [ RunTime:0.0034s ]
SQL: SELECT * FROM `wp_menu` WHERE `place` = 1 AND `is_hide` = 0 ORDER BY sort asc, id asc  [ RunTime:0.0031s ]
SQL: SELECT `id`,`public_name` FROM `wp_apps` WHERE `type` = '3' AND `app_type` = 0 ORDER BY id desc  [ RunTime:0.0033s ]

[ 2018-07-06T18:49:37+08:00 ] ::1 /weiphp/index.php?s=/w16/Admin/PublicBind/index.html&mdm=367|386
SQL: SELECT * FROM `wp_card_custom` WHERE `token` = ''  [ RunTime:0.0007s ]
SQL: SELECT * FROM `wp_menu` WHERE `place` = 1 AND `is_hide` = 0 ORDER BY sort asc, id asc  [ RunTime:0.0009s ]

[ 2018-07-06T18:49:42+08:00 ] ::1 /weiphp/index.php?s=/w16/Admin/Config/group.html&mdm=367|371
SQL: SELECT * FROM `wp_card_custom` WHERE `token` = ''  [ RunTime:0.0026s ]
SQL: SELECT * FROM `wp_menu` WHERE `place` = 1 AND `is_hide` = 0 ORDER BY sort asc, id asc  [ RunTime:0.0028s ]
SQL: SELECT `id`,`name`,`title`,`extra`,`value`,`remark`,`type` FROM `wp_config` WHERE `status` = 1 AND `group` = 1 ORDER BY sort  [ RunTime:0.0032s ]

