[ 2018-07-06T18:23:18+08:00 ] ::1 /weiphp/index.php?s=/w16/ShopCms/ShopCms/lists/model/shop_cms/mdm/406.html
NOTIC: [2] Invalid argument supplied for foreach() D:\phpStudy\WWW\weiphp\Application\Common\Model\MenuModel.class.php 第 168 行.

[ 2018-07-06T18:23:20+08:00 ] ::1 /weiphp/index.php?s=/w16/ShopCms/ShopCms/edit/id/1/model/shop_cms/mdm/406.html
NOTIC: [2] Invalid argument supplied for foreach() D:\phpStudy\WWW\weiphp\Application\Common\Model\MenuModel.class.php 第 168 行.

[ 2018-07-06T18:25:57+08:00 ] ::1 /weiphp/index.php?s=/w16/ShopCms/ShopCms/lists.html&mdm=406
NOTIC: [2] Invalid argument supplied for foreach() D:\phpStudy\WWW\weiphp\Application\Common\Model\MenuModel.class.php 第 168 行.

[ 2018-07-06T18:25:58+08:00 ] ::1 /weiphp/index.php?s=/w16/ShopCms/ShopCms/edit/id/1/model/shop_cms/mdm/406.html
NOTIC: [2] Invalid argument supplied for foreach() D:\phpStudy\WWW\weiphp\Application\Common\Model\MenuModel.class.php 第 168 行.

[ 2018-07-06T18:26:43+08:00 ] ::1 /weiphp/index.php?s=/w16/ShopCms/ShopCms/edit/id/1/model/shop_cms/mdm/406.html
NOTIC: [2] Invalid argument supplied for foreach() D:\phpStudy\WWW\weiphp\Application\Common\Model\MenuModel.class.php 第 168 行.

[ 2018-07-06T18:31:05+08:00 ] ::1 /weiphp/index.php?s=/w16/ShopCms/ShopCms/lists/model/shop_cms/mdm/406.html
NOTIC: [2] Invalid argument supplied for foreach() D:\phpStudy\WWW\weiphp\Application\Common\Model\MenuModel.class.php 第 168 行.

[ 2018-07-06T18:31:09+08:00 ] ::1 /weiphp/index.php?s=/w16/ShopCms/ShopCms/preview/id/[%27id%27]/model/shop_cms/mdm/406.html
NOTIC: [2] Invalid argument supplied for foreach() D:\phpStudy\WWW\weiphp\Application\Common\Model\MenuModel.class.php 第 168 行.
NOTIC: [8] Undefined variable: url D:\phpStudy\WWW\weiphp\Runtime\Cache\ShopCms\eb7349005dcabc0678bb842ac24eb59e.php 第 60 行.
NOTIC: [8] Undefined variable: url D:\phpStudy\WWW\weiphp\Runtime\Cache\ShopCms\eb7349005dcabc0678bb842ac24eb59e.php 第 67 行.

[ 2018-07-06T18:31:35+08:00 ] ::1 /weiphp/index.php?s=/w16/ShopCms/ShopCms/preview/id/[%27id%27]/model/shop_cms/mdm/406.html
NOTIC: [2] Invalid argument supplied for foreach() D:\phpStudy\WWW\weiphp\Application\Common\Model\MenuModel.class.php 第 168 行.
NOTIC: [8] Undefined variable: url D:\phpStudy\WWW\weiphp\Runtime\Cache\ShopCms\eb7349005dcabc0678bb842ac24eb59e.php 第 60 行.
NOTIC: [8] Undefined variable: url D:\phpStudy\WWW\weiphp\Runtime\Cache\ShopCms\eb7349005dcabc0678bb842ac24eb59e.php 第 67 行.

[ 2018-07-06T18:31:59+08:00 ] ::1 /weiphp/index.php?s=/w16/ShopCms/ShopCms/preview/id/[%27id%27]/model/shop_cms/mdm/406.html
NOTIC: [2] Invalid argument supplied for foreach() D:\phpStudy\WWW\weiphp\Application\Common\Model\MenuModel.class.php 第 168 行.
NOTIC: [8] Undefined variable: url D:\phpStudy\WWW\weiphp\Runtime\Cache\ShopCms\eb7349005dcabc0678bb842ac24eb59e.php 第 60 行.
NOTIC: [8] Undefined variable: url D:\phpStudy\WWW\weiphp\Runtime\Cache\ShopCms\eb7349005dcabc0678bb842ac24eb59e.php 第 67 行.

[ 2018-07-06T18:32:25+08:00 ] ::1 /weiphp/index.php?s=/w16/ShopCms/ShopCms/add/model/shop_cms/mdm/406.html
NOTIC: [2] Invalid argument supplied for foreach() D:\phpStudy\WWW\weiphp\Application\Common\Model\MenuModel.class.php 第 168 行.

[ 2018-07-06T18:40:47+08:00 ] ::1 /weiphp/index.php?s=/w16/ShopCms/ShopCms/lists/model/shop_cms/mdm/406.html
NOTIC: [2] Invalid argument supplied for foreach() D:\phpStudy\WWW\weiphp\Application\Common\Model\MenuModel.class.php 第 168 行.

[ 2018-07-06T18:41:29+08:00 ] ::1 /weiphp/index.php?s=/w16/ShopCms/ShopCms/add/model/shop_cms/mdm/406.html
NOTIC: [2] Invalid argument supplied for foreach() D:\phpStudy\WWW\weiphp\Application\Common\Model\MenuModel.class.php 第 168 行.

[ 2018-07-06T18:41:41+08:00 ] ::1 /weiphp/index.php?s=/w16/ShopCms/ShopCms/edit/id/2/model/shop_cms/mdm/406.html
NOTIC: [2] Invalid argument supplied for foreach() D:\phpStudy\WWW\weiphp\Application\Common\Model\MenuModel.class.php 第 168 行.

[ 2018-07-06T18:41:56+08:00 ] ::1 /weiphp/index.php?s=/w16/ShopCms/ShopCms/edit/id/1/model/shop_cms/mdm/406.html
NOTIC: [2] Invalid argument supplied for foreach() D:\phpStudy\WWW\weiphp\Application\Common\Model\MenuModel.class.php 第 168 行.

[ 2018-07-06T18:42:02+08:00 ] ::1 /weiphp/index.php?s=/w16/ShopCms/ShopCms/edit/id/2/model/shop_cms/mdm/406.html
NOTIC: [2] Invalid argument supplied for foreach() D:\phpStudy\WWW\weiphp\Application\Common\Model\MenuModel.class.php 第 168 行.

[ 2018-07-06T18:42:11+08:00 ] ::1 /weiphp/index.php?s=/w16/ShopCms/ShopCms/lists/model/shop_cms/mdm/406.html
NOTIC: [2] Invalid argument supplied for foreach() D:\phpStudy\WWW\weiphp\Application\Common\Model\MenuModel.class.php 第 168 行.

[ 2018-07-06T18:42:13+08:00 ] ::1 /weiphp/index.php?s=/w16/ShopCms/ShopCms/add/model/shop_cms/mdm/406.html
NOTIC: [2] Invalid argument supplied for foreach() D:\phpStudy\WWW\weiphp\Application\Common\Model\MenuModel.class.php 第 168 行.

[ 2018-07-06T18:48:21+08:00 ] ::1 /weiphp/index.php?s=/w16/ShopCms/ShopCms/lists/model/shop_cms/mdm/406.html
NOTIC: [2] Invalid argument supplied for foreach() D:\phpStudy\WWW\weiphp\Application\Common\Model\MenuModel.class.php 第 168 行.

[ 2018-07-06T18:48:29+08:00 ] ::1 /weiphp/index.php?s=/w16/ShopCms/ShopCms/lists.html&mdm=406
NOTIC: [2] Invalid argument supplied for foreach() D:\phpStudy\WWW\weiphp\Application\Common\Model\MenuModel.class.php 第 168 行.

[ 2018-07-06T18:49:58+08:00 ] ::1 /weiphp/index.php?s=/w16/ShopCms/ShopCms/getGoodsList
NOTIC: [8] Undefined variable: res D:\phpStudy\WWW\weiphp\Application\Common\Model\AppsModel.class.php 第 69 行.
NOTIC: [2] Invalid argument supplied for foreach() D:\phpStudy\WWW\weiphp\Application\Common\Model\MenuModel.class.php 第 168 行.

[ 2018-07-06T18:50:02+08:00 ] ::1 /weiphp/index.php?s=/w16/ShopCms/ShopCms/getGoodsId&id=
NOTIC: [8] Undefined variable: res D:\phpStudy\WWW\weiphp\Application\Common\Model\AppsModel.class.php 第 69 行.
NOTIC: [2] Invalid argument supplied for foreach() D:\phpStudy\WWW\weiphp\Application\Common\Model\MenuModel.class.php 第 168 行.

[ 2018-07-06T18:52:56+08:00 ] ::1 /weiphp/index.php?s=/w16/ShopCms/ShopCms/getGoodsId&id=
NOTIC: [8] Undefined variable: res D:\phpStudy\WWW\weiphp\Application\Common\Model\AppsModel.class.php 第 69 行.
NOTIC: [2] Invalid argument supplied for foreach() D:\phpStudy\WWW\weiphp\Application\Common\Model\MenuModel.class.php 第 168 行.

[ 2018-07-06T18:53:38+08:00 ] ::1 /weiphp/index.php?s=/w16/ShopCms/ShopCms/getGoodsList
NOTIC: [8] Undefined variable: res D:\phpStudy\WWW\weiphp\Application\Common\Model\AppsModel.class.php 第 69 行.
NOTIC: [2] Invalid argument supplied for foreach() D:\phpStudy\WWW\weiphp\Application\Common\Model\MenuModel.class.php 第 168 行.

[ 2018-07-06T18:53:42+08:00 ] ::1 /weiphp/index.php?s=/w16/ShopCms/ShopCms/getGoodsId&id=1
NOTIC: [8] Undefined variable: res D:\phpStudy\WWW\weiphp\Application\Common\Model\AppsModel.class.php 第 69 行.
NOTIC: [2] Invalid argument supplied for foreach() D:\phpStudy\WWW\weiphp\Application\Common\Model\MenuModel.class.php 第 168 行.

[ 2018-07-06T18:53:58+08:00 ] ::1 /weiphp/index.php?s=/w16/ShopCms/ShopCms/getGoodsId&id=2
NOTIC: [8] Undefined variable: res D:\phpStudy\WWW\weiphp\Application\Common\Model\AppsModel.class.php 第 69 行.
NOTIC: [2] Invalid argument supplied for foreach() D:\phpStudy\WWW\weiphp\Application\Common\Model\MenuModel.class.php 第 168 行.

[ 2018-07-06T18:54:05+08:00 ] ::1 /weiphp/index.php?s=/w16/ShopCms/ShopCms/getGoodsId&id=3
NOTIC: [8] Undefined variable: res D:\phpStudy\WWW\weiphp\Application\Common\Model\AppsModel.class.php 第 69 行.
NOTIC: [2] Invalid argument supplied for foreach() D:\phpStudy\WWW\weiphp\Application\Common\Model\MenuModel.class.php 第 168 行.

[ 2018-07-06T18:54:16+08:00 ] ::1 /weiphp/index.php?s=/w16/ShopCms/ShopCms/getGoodsList
NOTIC: [8] Undefined variable: res D:\phpStudy\WWW\weiphp\Application\Common\Model\AppsModel.class.php 第 69 行.
NOTIC: [2] Invalid argument supplied for foreach() D:\phpStudy\WWW\weiphp\Application\Common\Model\MenuModel.class.php 第 168 行.

[ 2018-07-06T18:57:43+08:00 ] ::1 /weiphp/index.php?s=/w16/ShopCms/ShopCms/getGoodsList
NOTIC: [8] Undefined variable: res D:\phpStudy\WWW\weiphp\Application\Common\Model\AppsModel.class.php 第 69 行.
NOTIC: [2] Invalid argument supplied for foreach() D:\phpStudy\WWW\weiphp\Application\Common\Model\MenuModel.class.php 第 168 行.

[ 2018-07-06T19:00:14+08:00 ] ::1 /weiphp/index.php?s=/w16/ShopCms/ShopCms/getGoodsList
NOTIC: [8] Undefined variable: res D:\phpStudy\WWW\weiphp\Application\Common\Model\AppsModel.class.php 第 69 行.
NOTIC: [2] Invalid argument supplied for foreach() D:\phpStudy\WWW\weiphp\Application\Common\Model\MenuModel.class.php 第 168 行.

[ 2018-07-06T19:00:18+08:00 ] ::1 /weiphp/index.php?s=/w16/ShopCms/ShopCms/getGoodsList
NOTIC: [8] Undefined variable: res D:\phpStudy\WWW\weiphp\Application\Common\Model\AppsModel.class.php 第 69 行.
NOTIC: [2] Invalid argument supplied for foreach() D:\phpStudy\WWW\weiphp\Application\Common\Model\MenuModel.class.php 第 168 行.

[ 2018-07-06T19:04:15+08:00 ] ::1 /weiphp/index.php?s=/w16/ShopCms/ShopCms/getGoodsList
NOTIC: [8] Undefined variable: res D:\phpStudy\WWW\weiphp\Application\Common\Model\AppsModel.class.php 第 69 行.
NOTIC: [2] Invalid argument supplied for foreach() D:\phpStudy\WWW\weiphp\Application\Common\Model\MenuModel.class.php 第 168 行.

[ 2018-07-06T19:05:37+08:00 ] ::1 /weiphp/index.php?s=/w16/ShopCms/ShopCms/getGoodsList
NOTIC: [8] Undefined variable: res D:\phpStudy\WWW\weiphp\Application\Common\Model\AppsModel.class.php 第 69 行.
NOTIC: [2] Invalid argument supplied for foreach() D:\phpStudy\WWW\weiphp\Application\Common\Model\MenuModel.class.php 第 168 行.

[ 2018-07-06T19:06:30+08:00 ] ::1 /weiphp/index.php?s=/w16/ShopCms/ShopCms/getGoodsList
NOTIC: [8] Undefined variable: res D:\phpStudy\WWW\weiphp\Application\Common\Model\AppsModel.class.php 第 69 行.
NOTIC: [2] Invalid argument supplied for foreach() D:\phpStudy\WWW\weiphp\Application\Common\Model\MenuModel.class.php 第 168 行.

[ 2018-07-06T19:07:39+08:00 ] ::1 /weiphp/index.php?s=/w16/ShopCms/ShopCms/getGoodsList
NOTIC: [8] Undefined variable: res D:\phpStudy\WWW\weiphp\Application\Common\Model\AppsModel.class.php 第 69 行.
NOTIC: [2] Invalid argument supplied for foreach() D:\phpStudy\WWW\weiphp\Application\Common\Model\MenuModel.class.php 第 168 行.

[ 2018-07-06T19:07:51+08:00 ] ::1 /weiphp/index.php?s=/w16/ShopCms/ShopCms/getGoodsList
NOTIC: [8] Undefined variable: res D:\phpStudy\WWW\weiphp\Application\Common\Model\AppsModel.class.php 第 69 行.
NOTIC: [2] Invalid argument supplied for foreach() D:\phpStudy\WWW\weiphp\Application\Common\Model\MenuModel.class.php 第 168 行.

[ 2018-07-06T19:09:34+08:00 ] ::1 /weiphp/index.php?s=/w16/ShopCms/ShopCms/getGoodsList
NOTIC: [8] Undefined variable: res D:\phpStudy\WWW\weiphp\Application\Common\Model\AppsModel.class.php 第 69 行.
NOTIC: [2] Invalid argument supplied for foreach() D:\phpStudy\WWW\weiphp\Application\Common\Model\MenuModel.class.php 第 168 行.

[ 2018-07-06T19:10:13+08:00 ] ::1 /weiphp/index.php?s=/w16/ShopCms/ShopCms/getGoodsList
NOTIC: [8] Undefined variable: res D:\phpStudy\WWW\weiphp\Application\Common\Model\AppsModel.class.php 第 69 行.
NOTIC: [2] Invalid argument supplied for foreach() D:\phpStudy\WWW\weiphp\Application\Common\Model\MenuModel.class.php 第 168 行.

[ 2018-07-06T19:13:12+08:00 ] ::1 /weiphp/index.php?s=/w16/ShopCms/ShopCms/getGoodsList
NOTIC: [8] Undefined variable: res D:\phpStudy\WWW\weiphp\Application\Common\Model\AppsModel.class.php 第 69 行.
NOTIC: [2] Invalid argument supplied for foreach() D:\phpStudy\WWW\weiphp\Application\Common\Model\MenuModel.class.php 第 168 行.

[ 2018-07-06T19:13:58+08:00 ] ::1 /weiphp/index.php?s=/w16/ShopCms/ShopCms/getGoodsList
NOTIC: [8] Undefined variable: res D:\phpStudy\WWW\weiphp\Application\Common\Model\AppsModel.class.php 第 69 行.
NOTIC: [2] Invalid argument supplied for foreach() D:\phpStudy\WWW\weiphp\Application\Common\Model\MenuModel.class.php 第 168 行.

[ 2018-07-06T19:16:07+08:00 ] ::1 /weiphp/index.php?s=/w16/ShopCms/ShopCms/getGoodsList
NOTIC: [8] Undefined variable: res D:\phpStudy\WWW\weiphp\Application\Common\Model\AppsModel.class.php 第 69 行.
NOTIC: [2] Invalid argument supplied for foreach() D:\phpStudy\WWW\weiphp\Application\Common\Model\MenuModel.class.php 第 168 行.

[ 2018-07-06T19:17:00+08:00 ] ::1 /weiphp/index.php?s=/w16/ShopCms/ShopCms/getGoodsList
NOTIC: [8] Undefined variable: res D:\phpStudy\WWW\weiphp\Application\Common\Model\AppsModel.class.php 第 69 行.
NOTIC: [2] Invalid argument supplied for foreach() D:\phpStudy\WWW\weiphp\Application\Common\Model\MenuModel.class.php 第 168 行.

[ 2018-07-06T19:17:15+08:00 ] ::1 /weiphp/index.php?s=/w16/ShopCms/ShopCms/getGoodsList
NOTIC: [8] Undefined variable: res D:\phpStudy\WWW\weiphp\Application\Common\Model\AppsModel.class.php 第 69 行.
NOTIC: [2] Invalid argument supplied for foreach() D:\phpStudy\WWW\weiphp\Application\Common\Model\MenuModel.class.php 第 168 行.

[ 2018-07-06T19:17:34+08:00 ] ::1 /weiphp/index.php?s=/w16/ShopCms/ShopCms/getGoodsList
NOTIC: [8] Undefined variable: res D:\phpStudy\WWW\weiphp\Application\Common\Model\AppsModel.class.php 第 69 行.
NOTIC: [2] Invalid argument supplied for foreach() D:\phpStudy\WWW\weiphp\Application\Common\Model\MenuModel.class.php 第 168 行.

[ 2018-07-06T19:17:45+08:00 ] ::1 /weiphp/index.php?s=/w16/ShopCms/ShopCms/getGoodsId&id=1
NOTIC: [8] Undefined variable: res D:\phpStudy\WWW\weiphp\Application\Common\Model\AppsModel.class.php 第 69 行.
NOTIC: [2] Invalid argument supplied for foreach() D:\phpStudy\WWW\weiphp\Application\Common\Model\MenuModel.class.php 第 168 行.

[ 2018-07-06T19:17:52+08:00 ] ::1 /weiphp/index.php?s=/w16/ShopCms/ShopCms/getGoodsId&id=2
NOTIC: [8] Undefined variable: res D:\phpStudy\WWW\weiphp\Application\Common\Model\AppsModel.class.php 第 69 行.
NOTIC: [2] Invalid argument supplied for foreach() D:\phpStudy\WWW\weiphp\Application\Common\Model\MenuModel.class.php 第 168 行.

[ 2018-07-06T19:17:59+08:00 ] ::1 /weiphp/index.php?s=/w16/ShopCms/ShopCms/getGoodsList
NOTIC: [8] Undefined variable: res D:\phpStudy\WWW\weiphp\Application\Common\Model\AppsModel.class.php 第 69 行.
NOTIC: [2] Invalid argument supplied for foreach() D:\phpStudy\WWW\weiphp\Application\Common\Model\MenuModel.class.php 第 168 行.

[ 2018-07-06T19:18:08+08:00 ] ::1 /weiphp/index.php?s=/w16/ShopCms/ShopCms/getGoodsList
NOTIC: [8] Undefined variable: res D:\phpStudy\WWW\weiphp\Application\Common\Model\AppsModel.class.php 第 69 行.
NOTIC: [2] Invalid argument supplied for foreach() D:\phpStudy\WWW\weiphp\Application\Common\Model\MenuModel.class.php 第 168 行.

[ 2018-07-06T19:19:00+08:00 ] ::1 /weiphp/index.php?s=/w16/ShopCms/ShopCms/getGoodsList
NOTIC: [8] Undefined variable: res D:\phpStudy\WWW\weiphp\Application\Common\Model\AppsModel.class.php 第 69 行.
NOTIC: [2] Invalid argument supplied for foreach() D:\phpStudy\WWW\weiphp\Application\Common\Model\MenuModel.class.php 第 168 行.

[ 2018-07-06T19:19:10+08:00 ] ::1 /weiphp/index.php?s=/w16/ShopCms/ShopCms/getGoodsList
NOTIC: [8] Undefined variable: res D:\phpStudy\WWW\weiphp\Application\Common\Model\AppsModel.class.php 第 69 行.
NOTIC: [2] Invalid argument supplied for foreach() D:\phpStudy\WWW\weiphp\Application\Common\Model\MenuModel.class.php 第 168 行.

[ 2018-07-06T19:19:38+08:00 ] ::1 /weiphp/index.php?s=/w16/ShopCms/ShopCms/getGoodsList
NOTIC: [8] Undefined variable: res D:\phpStudy\WWW\weiphp\Application\Common\Model\AppsModel.class.php 第 69 行.
NOTIC: [2] Invalid argument supplied for foreach() D:\phpStudy\WWW\weiphp\Application\Common\Model\MenuModel.class.php 第 168 行.

[ 2018-07-06T19:19:46+08:00 ] ::1 /weiphp/index.php?s=/w16/ShopCms/ShopCms/getGoodsId&id=1
NOTIC: [8] Undefined variable: res D:\phpStudy\WWW\weiphp\Application\Common\Model\AppsModel.class.php 第 69 行.
NOTIC: [2] Invalid argument supplied for foreach() D:\phpStudy\WWW\weiphp\Application\Common\Model\MenuModel.class.php 第 168 行.

[ 2018-07-06T19:19:50+08:00 ] ::1 /weiphp/index.php?s=/w16/ShopCms/ShopCms/getGoodsId&id=2
NOTIC: [8] Undefined variable: res D:\phpStudy\WWW\weiphp\Application\Common\Model\AppsModel.class.php 第 69 行.
NOTIC: [2] Invalid argument supplied for foreach() D:\phpStudy\WWW\weiphp\Application\Common\Model\MenuModel.class.php 第 168 行.

[ 2018-07-06T19:19:54+08:00 ] ::1 /weiphp/index.php?s=/w16/ShopCms/ShopCms/getGoodsId&id=3
NOTIC: [8] Undefined variable: res D:\phpStudy\WWW\weiphp\Application\Common\Model\AppsModel.class.php 第 69 行.
NOTIC: [2] Invalid argument supplied for foreach() D:\phpStudy\WWW\weiphp\Application\Common\Model\MenuModel.class.php 第 168 行.

[ 2018-07-06T19:20:20+08:00 ] ::1 /weiphp/index.php?s=/w16/ShopCms/ShopCms/getGoodsList
NOTIC: [8] Undefined variable: res D:\phpStudy\WWW\weiphp\Application\Common\Model\AppsModel.class.php 第 69 行.
NOTIC: [2] Invalid argument supplied for foreach() D:\phpStudy\WWW\weiphp\Application\Common\Model\MenuModel.class.php 第 168 行.

[ 2018-07-06T19:21:49+08:00 ] ::1 /weiphp/index.php?s=/w16/ShopCms/ShopCms/getGoodsList
NOTIC: [8] Undefined variable: res D:\phpStudy\WWW\weiphp\Application\Common\Model\AppsModel.class.php 第 69 行.
NOTIC: [2] Invalid argument supplied for foreach() D:\phpStudy\WWW\weiphp\Application\Common\Model\MenuModel.class.php 第 168 行.

[ 2018-07-06T19:22:06+08:00 ] ::1 /weiphp/index.php?s=/w16/ShopCms/ShopCms/getGoodsId&id=1
NOTIC: [8] Undefined variable: res D:\phpStudy\WWW\weiphp\Application\Common\Model\AppsModel.class.php 第 69 行.
NOTIC: [2] Invalid argument supplied for foreach() D:\phpStudy\WWW\weiphp\Application\Common\Model\MenuModel.class.php 第 168 行.

[ 2018-07-06T19:22:11+08:00 ] ::1 /weiphp/index.php?s=/w16/ShopCms/ShopCms/getGoodsId&id=2
NOTIC: [8] Undefined variable: res D:\phpStudy\WWW\weiphp\Application\Common\Model\AppsModel.class.php 第 69 行.
NOTIC: [2] Invalid argument supplied for foreach() D:\phpStudy\WWW\weiphp\Application\Common\Model\MenuModel.class.php 第 168 行.

[ 2018-07-06T19:22:15+08:00 ] ::1 /weiphp/index.php?s=/w16/ShopCms/ShopCms/getGoodsId&id=3
NOTIC: [8] Undefined variable: res D:\phpStudy\WWW\weiphp\Application\Common\Model\AppsModel.class.php 第 69 行.
NOTIC: [2] Invalid argument supplied for foreach() D:\phpStudy\WWW\weiphp\Application\Common\Model\MenuModel.class.php 第 168 行.

[ 2018-07-06T19:22:22+08:00 ] ::1 /weiphp/index.php?s=/w16/ShopCms/ShopCms/getGoodsList
NOTIC: [8] Undefined variable: res D:\phpStudy\WWW\weiphp\Application\Common\Model\AppsModel.class.php 第 69 行.
NOTIC: [2] Invalid argument supplied for foreach() D:\phpStudy\WWW\weiphp\Application\Common\Model\MenuModel.class.php 第 168 行.

